ayurvedic/ayurvedic/app/build/intermediates/manifest_merge_blame_file/debug/processDebugMainManifest/manifest-merger-blame-debug-report.txt
1<?xml version="1.0" encoding="utf-8"?>
2<manifest xmlns:android="http://schemas.android.com/apk/res/android"
3    package="com.saveetha.ayurnutrition"
4    android:versionCode="1"
5    android:versionName="1.0" >
6
7    <uses-sdk
8        android:minSdkVersion="24"
9        android:targetSdkVersion="36" />
10
11    <uses-permission android:name="android.permission.INTERNET" />
11-->src\main\AndroidManifest.xml:5:5-67
11-->src\main\AndroidManifest.xml:5:22-64
12
13    <permission
13-->[androidx.core:core:1.16.0] AndroidManifest.xml:22:5-24:47
14        android:name="com.saveetha.ayurnutrition.DYNAMIC_RECEIVER_NOT_EXPORTED_PERMISSION"
14-->[androidx.core:core:1.16.0] AndroidManifest.xml:23:9-81
15        android:protectionLevel="signature" />
15-->[androidx.core:core:1.16.0] AndroidManifest.xml:24:9-44
16
17    <uses-permission android:name="com.saveetha.ayurnutrition.DYNAMIC_RECEIVER_NOT_EXPORTED_PERMISSION" />
17-->[androidx.core:core:1.16.0] AndroidManifest.xml:26:5-97
17-->[androidx.core:core:1.16.0] AndroidManifest.xml:26:22-94
18
19    <application
19-->src\main\AndroidManifest.xml:7:5-192:19
20        android:allowBackup="true"
20-->src\main\AndroidManifest.xml:8:9-35
21        android:appComponentFactory="androidx.core.app.CoreComponentFactory"
21-->[androidx.core:core:1.16.0] AndroidManifest.xml:28:18-86
22        android:dataExtractionRules="@xml/data_extraction_rules"
22-->src\main\AndroidManifest.xml:9:9-65
23        android:debuggable="true"
24        android:extractNativeLibs="false"
25        android:fullBackupContent="@xml/backup_rules"
25-->src\main\AndroidManifest.xml:10:9-54
26        android:icon="@mipmap/ic_launcher"
26-->src\main\AndroidManifest.xml:11:9-43
27        android:label="@string/app_name"
27-->src\main\AndroidManifest.xml:12:9-41
28        android:networkSecurityConfig="@xml/network_security_config"
28-->src\main\AndroidManifest.xml:13:9-69
29        android:roundIcon="@mipmap/ic_launcher_round"
29-->src\main\AndroidManifest.xml:15:9-54
30        android:supportsRtl="true"
30-->src\main\AndroidManifest.xml:16:9-35
31        android:testOnly="true"
32        android:theme="@style/Theme.AyurNutrition"
32-->src\main\AndroidManifest.xml:17:9-51
33        android:usesCleartextTraffic="true" >
33-->src\main\AndroidManifest.xml:14:9-44
34
35        <!-- Phase 1 Activities -->
36        <activity
36-->src\main\AndroidManifest.xml:20:9-22:40
37            android:name="com.saveetha.ayurnutrition.MedicalHistoryActivity"
37-->src\main\AndroidManifest.xml:21:13-51
38            android:exported="false" />
38-->src\main\AndroidManifest.xml:22:13-37
39        <activity
39-->src\main\AndroidManifest.xml:23:9-25:40
40            android:name="com.saveetha.ayurnutrition.DietaryHabitsActivity"
40-->src\main\AndroidManifest.xml:24:13-50
41            android:exported="false" />
41-->src\main\AndroidManifest.xml:25:13-37
42        <activity
42-->src\main\AndroidManifest.xml:26:9-28:40
43            android:name="com.saveetha.ayurnutrition.LifestyleInputsActivity"
43-->src\main\AndroidManifest.xml:27:13-52
44            android:exported="false" />
44-->src\main\AndroidManifest.xml:28:13-37
45        <activity
45-->src\main\AndroidManifest.xml:29:9-31:40
46            android:name="com.saveetha.ayurnutrition.FoodSearchActivity"
46-->src\main\AndroidManifest.xml:30:13-47
47            android:exported="false" />
47-->src\main\AndroidManifest.xml:31:13-37
48        <activity
48-->src\main\AndroidManifest.xml:32:9-34:40
49            android:name="com.saveetha.ayurnutrition.FoodDetailActivity"
49-->src\main\AndroidManifest.xml:33:13-47
50            android:exported="false" />
50-->src\main\AndroidManifest.xml:34:13-37
51        <activity
51-->src\main\AndroidManifest.xml:35:9-37:40
52            android:name="com.saveetha.ayurnutrition.CreateDietActivity"
52-->src\main\AndroidManifest.xml:36:13-47
53            android:exported="false" />
53-->src\main\AndroidManifest.xml:37:13-37
54        <activity
54-->src\main\AndroidManifest.xml:38:9-40:40
55            android:name="com.saveetha.ayurnutrition.MealStructureActivity"
55-->src\main\AndroidManifest.xml:39:13-50
56            android:exported="false" />
56-->src\main\AndroidManifest.xml:40:13-37
57        <!-- Phase 2 Activities -->
58        <activity
58-->src\main\AndroidManifest.xml:42:9-44:40
59            android:name="com.saveetha.ayurnutrition.ClinicalAlertsActivity"
59-->src\main\AndroidManifest.xml:43:13-51
60            android:exported="false" />
60-->src\main\AndroidManifest.xml:44:13-37
61        <activity
61-->src\main\AndroidManifest.xml:45:9-47:40
62            android:name="com.saveetha.ayurnutrition.TasksActivity"
62-->src\main\AndroidManifest.xml:46:13-42
63            android:exported="false" />
63-->src\main\AndroidManifest.xml:47:13-37
64        <activity
64-->src\main\AndroidManifest.xml:48:9-50:40
65            android:name="com.saveetha.ayurnutrition.AddCustomFoodActivity"
65-->src\main\AndroidManifest.xml:49:13-50
66            android:exported="false" />
66-->src\main\AndroidManifest.xml:50:13-37
67        <activity
67-->src\main\AndroidManifest.xml:51:9-53:40
68            android:name="com.saveetha.ayurnutrition.NutrientBalanceActivity"
68-->src\main\AndroidManifest.xml:52:13-52
69            android:exported="false" />
69-->src\main\AndroidManifest.xml:53:13-37
70        <activity
70-->src\main\AndroidManifest.xml:54:9-56:40
71            android:name="com.saveetha.ayurnutrition.AyurvedicBalanceActivity"
71-->src\main\AndroidManifest.xml:55:13-53
72            android:exported="false" />
72-->src\main\AndroidManifest.xml:56:13-37
73        <activity
73-->src\main\AndroidManifest.xml:57:9-59:40
74            android:name="com.saveetha.ayurnutrition.GenerateReportActivity"
74-->src\main\AndroidManifest.xml:58:13-51
75            android:exported="false" />
75-->src\main\AndroidManifest.xml:59:13-37
76        <!-- Phase 3 Activities -->
77        <activity
77-->src\main\AndroidManifest.xml:61:9-63:40
78            android:name="com.saveetha.ayurnutrition.AnalyticsActivity"
78-->src\main\AndroidManifest.xml:62:13-46
79            android:exported="false" />
79-->src\main\AndroidManifest.xml:63:13-37
80        <activity
80-->src\main\AndroidManifest.xml:64:9-66:40
81            android:name="com.saveetha.ayurnutrition.SeasonalFoodsActivity"
81-->src\main\AndroidManifest.xml:65:13-50
82            android:exported="false" />
82-->src\main\AndroidManifest.xml:66:13-37
83        <activity
83-->src\main\AndroidManifest.xml:67:9-69:40
84            android:name="com.saveetha.ayurnutrition.EditFoodActivity"
84-->src\main\AndroidManifest.xml:68:13-45
85            android:exported="false" />
85-->src\main\AndroidManifest.xml:69:13-37
86        <activity
86-->src\main\AndroidManifest.xml:70:9-72:40
87            android:name="com.saveetha.ayurnutrition.PdfPreviewActivity"
87-->src\main\AndroidManifest.xml:71:13-47
88            android:exported="false" />
88-->src\main\AndroidManifest.xml:72:13-37
89        <activity
89-->src\main\AndroidManifest.xml:73:9-75:40
90            android:name="com.saveetha.ayurnutrition.DoshaImpactActivity"
90-->src\main\AndroidManifest.xml:74:13-48
91            android:exported="false" />
91-->src\main\AndroidManifest.xml:75:13-37
92        <activity
92-->src\main\AndroidManifest.xml:76:9-78:40
93            android:name="com.saveetha.ayurnutrition.PermissionsActivity"
93-->src\main\AndroidManifest.xml:77:13-48
94            android:exported="false" />
94-->src\main\AndroidManifest.xml:78:13-37
95        <activity
95-->src\main\AndroidManifest.xml:79:9-81:40
96            android:name="com.saveetha.ayurnutrition.ImprovementSuggestionsActivity"
96-->src\main\AndroidManifest.xml:80:13-59
97            android:exported="false" />
97-->src\main\AndroidManifest.xml:81:13-37
98        <!-- Phase 4 Activities (Missing Features) -->
99        <activity
99-->src\main\AndroidManifest.xml:83:9-85:40
100            android:name="com.saveetha.ayurnutrition.InitialPreferencesActivity"
100-->src\main\AndroidManifest.xml:84:13-55
101            android:exported="false" />
101-->src\main\AndroidManifest.xml:85:13-37
102        <activity
102-->src\main\AndroidManifest.xml:86:9-88:40
103            android:name="com.saveetha.ayurnutrition.AutoSuggestionsActivity"
103-->src\main\AndroidManifest.xml:87:13-52
104            android:exported="false" />
104-->src\main\AndroidManifest.xml:88:13-37
105        <activity
105-->src\main\AndroidManifest.xml:89:9-91:40
106            android:name="com.saveetha.ayurnutrition.FoodConflictCheckActivity"
106-->src\main\AndroidManifest.xml:90:13-54
107            android:exported="false" />
107-->src\main\AndroidManifest.xml:91:13-37
108        <activity
108-->src\main\AndroidManifest.xml:92:9-94:40
109            android:name="com.saveetha.ayurnutrition.MedicalRecordDetailActivity"
109-->src\main\AndroidManifest.xml:93:13-56
110            android:exported="false" />
110-->src\main\AndroidManifest.xml:94:13-37
111        <activity
111-->src\main\AndroidManifest.xml:95:9-97:40
112            android:name="com.saveetha.ayurnutrition.AddMedicalRecordActivity"
112-->src\main\AndroidManifest.xml:96:13-53
113            android:exported="false" />
113-->src\main\AndroidManifest.xml:97:13-37
114
115        <!-- Patient Data View Activities (Read-only) -->
116        <activity
116-->src\main\AndroidManifest.xml:100:9-102:40
117            android:name="com.saveetha.ayurnutrition.LifestyleViewActivity"
117-->src\main\AndroidManifest.xml:101:13-50
118            android:exported="false" />
118-->src\main\AndroidManifest.xml:102:13-37
119        <activity
119-->src\main\AndroidManifest.xml:103:9-105:40
120            android:name="com.saveetha.ayurnutrition.MedicalHistoryViewActivity"
120-->src\main\AndroidManifest.xml:104:13-55
121            android:exported="false" />
121-->src\main\AndroidManifest.xml:105:13-37
122        <activity
122-->src\main\AndroidManifest.xml:106:9-108:40
123            android:name="com.saveetha.ayurnutrition.DietaryHabitsViewActivity"
123-->src\main\AndroidManifest.xml:107:13-54
124            android:exported="false" />
124-->src\main\AndroidManifest.xml:108:13-37
125        <activity
125-->src\main\AndroidManifest.xml:109:9-111:40
126            android:name="com.saveetha.ayurnutrition.AssessmentsViewActivity"
126-->src\main\AndroidManifest.xml:110:13-52
127            android:exported="false" />
127-->src\main\AndroidManifest.xml:111:13-37
128        <activity
128-->src\main\AndroidManifest.xml:112:9-114:40
129            android:name="com.saveetha.ayurnutrition.AssessmentDetailActivity"
129-->src\main\AndroidManifest.xml:113:13-53
130            android:exported="false" />
130-->src\main\AndroidManifest.xml:114:13-37
131        <activity
131-->src\main\AndroidManifest.xml:115:9-117:40
132            android:name="com.saveetha.ayurnutrition.LifestyleDetailActivity"
132-->src\main\AndroidManifest.xml:116:13-52
133            android:exported="false" />
133-->src\main\AndroidManifest.xml:117:13-37
134        <activity
134-->src\main\AndroidManifest.xml:118:9-120:40
135            android:name="com.saveetha.ayurnutrition.MedicalHistoryDetailActivity"
135-->src\main\AndroidManifest.xml:119:13-57
136            android:exported="false" />
136-->src\main\AndroidManifest.xml:120:13-37
137        <activity
137-->src\main\AndroidManifest.xml:121:9-123:40
138            android:name="com.saveetha.ayurnutrition.DietaryHabitsDetailActivity"
138-->src\main\AndroidManifest.xml:122:13-56
139            android:exported="false" />
139-->src\main\AndroidManifest.xml:123:13-37
140        <activity
140-->src\main\AndroidManifest.xml:124:9-126:40
141            android:name="com.saveetha.ayurnutrition.TimelineActivity"
141-->src\main\AndroidManifest.xml:125:13-45
142            android:exported="false" />
142-->src\main\AndroidManifest.xml:126:13-37
143        <activity
143-->src\main\AndroidManifest.xml:127:9-129:40
144            android:name="com.saveetha.ayurnutrition.DietPlanHistoryActivity"
144-->src\main\AndroidManifest.xml:128:13-52
145            android:exported="false" />
145-->src\main\AndroidManifest.xml:129:13-37
146        <activity
146-->src\main\AndroidManifest.xml:130:9-132:40
147            android:name="com.saveetha.ayurnutrition.DietPlanDetailActivity"
147-->src\main\AndroidManifest.xml:131:13-51
148            android:exported="false" />
148-->src\main\AndroidManifest.xml:132:13-37
149        <activity
149-->src\main\AndroidManifest.xml:133:9-135:40
150            android:name="com.saveetha.ayurnutrition.AddAppointmentActivity"
150-->src\main\AndroidManifest.xml:134:13-51
151            android:exported="false" />
151-->src\main\AndroidManifest.xml:135:13-37
152        <activity
152-->src\main\AndroidManifest.xml:136:9-138:40
153            android:name="com.saveetha.ayurnutrition.ChatbotActivity"
153-->src\main\AndroidManifest.xml:137:13-44
154            android:exported="false" />
154-->src\main\AndroidManifest.xml:138:13-37
155
156        <!-- Existing Activities -->
157        <activity
157-->src\main\AndroidManifest.xml:141:9-143:40
158            android:name="com.saveetha.ayurnutrition.FoodContraindicationsActivity"
158-->src\main\AndroidManifest.xml:142:13-58
159            android:exported="false" />
159-->src\main\AndroidManifest.xml:143:13-37
160        <activity
160-->src\main\AndroidManifest.xml:144:9-146:40
161            android:name="com.saveetha.ayurnutrition.RasaPreferencesActivity"
161-->src\main\AndroidManifest.xml:145:13-52
162            android:exported="false" />
162-->src\main\AndroidManifest.xml:146:13-37
163        <activity
163-->src\main\AndroidManifest.xml:147:9-149:40
164            android:name="com.saveetha.ayurnutrition.DigestiveStrengthActivity"
164-->src\main\AndroidManifest.xml:148:13-54
165            android:exported="false" />
165-->src\main\AndroidManifest.xml:149:13-37
166        <activity
166-->src\main\AndroidManifest.xml:150:9-152:40
167            android:name="com.saveetha.ayurnutrition.AgniAssessmentActivity"
167-->src\main\AndroidManifest.xml:151:13-51
168            android:exported="false" />
168-->src\main\AndroidManifest.xml:152:13-37
169        <activity
169-->src\main\AndroidManifest.xml:153:9-155:40
170            android:name="com.saveetha.ayurnutrition.VikritiAssessmentActivity"
170-->src\main\AndroidManifest.xml:154:13-54
171            android:exported="false" />
171-->src\main\AndroidManifest.xml:155:13-37
172        <activity
172-->src\main\AndroidManifest.xml:156:9-158:40
173            android:name="com.saveetha.ayurnutrition.PrakritiAssessmentActivity"
173-->src\main\AndroidManifest.xml:157:13-55
174            android:exported="false" />
174-->src\main\AndroidManifest.xml:158:13-37
175        <activity
175-->src\main\AndroidManifest.xml:159:9-161:40
176            android:name="com.saveetha.ayurnutrition.RecipeDetailActivity"
176-->src\main\AndroidManifest.xml:160:13-49
177            android:exported="false" />
177-->src\main\AndroidManifest.xml:161:13-37
178        <activity
178-->src\main\AndroidManifest.xml:162:9-164:40
179            android:name="com.saveetha.ayurnutrition.PatientProfileActivity"
179-->src\main\AndroidManifest.xml:163:13-51
180            android:exported="false" />
180-->src\main\AndroidManifest.xml:164:13-37
181        <activity
181-->src\main\AndroidManifest.xml:165:9-167:40
182            android:name="com.saveetha.ayurnutrition.AddPatientActivity"
182-->src\main\AndroidManifest.xml:166:13-47
183            android:exported="false" />
183-->src\main\AndroidManifest.xml:167:13-37
184        <activity
184-->src\main\AndroidManifest.xml:168:9-170:40
185            android:name="com.saveetha.ayurnutrition.DashboardActivity"
185-->src\main\AndroidManifest.xml:169:13-46
186            android:exported="false" />
186-->src\main\AndroidManifest.xml:170:13-37
187        <activity
187-->src\main\AndroidManifest.xml:171:9-173:40
188            android:name="com.saveetha.ayurnutrition.ClinicSetupActivity"
188-->src\main\AndroidManifest.xml:172:13-48
189            android:exported="false" />
189-->src\main\AndroidManifest.xml:173:13-37
190        <activity
190-->src\main\AndroidManifest.xml:174:9-176:40
191            android:name="com.saveetha.ayurnutrition.SignUpActivity"
191-->src\main\AndroidManifest.xml:175:13-43
192            android:exported="false" />
192-->src\main\AndroidManifest.xml:176:13-37
193        <activity
193-->src\main\AndroidManifest.xml:177:9-179:40
194            android:name="com.saveetha.ayurnutrition.LoginActivity"
194-->src\main\AndroidManifest.xml:178:13-42
195            android:exported="false" />
195-->src\main\AndroidManifest.xml:179:13-37
196        <activity
196-->src\main\AndroidManifest.xml:180:9-188:20
197            android:name="com.saveetha.ayurnutrition.SplashActivity"
197-->src\main\AndroidManifest.xml:181:13-43
198            android:exported="true" >
198-->src\main\AndroidManifest.xml:182:13-36
199            <intent-filter>
199-->src\main\AndroidManifest.xml:183:13-187:29
200                <action android:name="android.intent.action.MAIN" />
200-->src\main\AndroidManifest.xml:184:17-69
200-->src\main\AndroidManifest.xml:184:25-66
201
202                <category android:name="android.intent.category.LAUNCHER" />
202-->src\main\AndroidManifest.xml:186:17-77
202-->src\main\AndroidManifest.xml:186:27-74
203            </intent-filter>
204        </activity>
205        <activity
205-->src\main\AndroidManifest.xml:189:9-191:40
206            android:name="com.saveetha.ayurnutrition.MainActivity"
206-->src\main\AndroidManifest.xml:190:13-41
207            android:exported="false" />
207-->src\main\AndroidManifest.xml:191:13-37
208
209        <provider
209-->[androidx.emoji2:emoji2:1.3.0] AndroidManifest.xml:24:9-32:20
210            android:name="androidx.startup.InitializationProvider"
210-->[androidx.emoji2:emoji2:1.3.0] AndroidManifest.xml:25:13-67
211            android:authorities="com.saveetha.ayurnutrition.androidx-startup"
211-->[androidx.emoji2:emoji2:1.3.0] AndroidManifest.xml:26:13-68
212            android:exported="false" >
212-->[androidx.emoji2:emoji2:1.3.0] AndroidManifest.xml:27:13-37
213            <meta-data
213-->[androidx.emoji2:emoji2:1.3.0] AndroidManifest.xml:29:13-31:52
214                android:name="androidx.emoji2.text.EmojiCompatInitializer"
214-->[androidx.emoji2:emoji2:1.3.0] AndroidManifest.xml:30:17-75
215                android:value="androidx.startup" />
215-->[androidx.emoji2:emoji2:1.3.0] AndroidManifest.xml:31:17-49
216            <meta-data
216-->[androidx.lifecycle:lifecycle-process:2.6.2] AndroidManifest.xml:29:13-31:52
217                android:name="androidx.lifecycle.ProcessLifecycleInitializer"
217-->[androidx.lifecycle:lifecycle-process:2.6.2] AndroidManifest.xml:30:17-78
218                android:value="androidx.startup" />
218-->[androidx.lifecycle:lifecycle-process:2.6.2] AndroidManifest.xml:31:17-49
219            <meta-data
219-->[androidx.profileinstaller:profileinstaller:1.4.0] AndroidManifest.xml:29:13-31:52
220                android:name="androidx.profileinstaller.ProfileInstallerInitializer"
220-->[androidx.profileinstaller:profileinstaller:1.4.0] AndroidManifest.xml:30:17-85
221                android:value="androidx.startup" />
221-->[androidx.profileinstaller:profileinstaller:1.4.0] AndroidManifest.xml:31:17-49
222        </provider>
223
224        <receiver
224-->[androidx.profileinstaller:profileinstaller:1.4.0] AndroidManifest.xml:34:9-52:20
225            android:name="androidx.profileinstaller.ProfileInstallReceiver"
225-->[androidx.profileinstaller:profileinstaller:1.4.0] AndroidManifest.xml:35:13-76
226            android:directBootAware="false"
226-->[androidx.profileinstaller:profileinstaller:1.4.0] AndroidManifest.xml:36:13-44
227            android:enabled="true"
227-->[androidx.profileinstaller:profileinstaller:1.4.0] AndroidManifest.xml:37:13-35
228            android:exported="true"
228-->[androidx.profileinstaller:profileinstaller:1.4.0] AndroidManifest.xml:38:13-36
229            android:permission="android.permission.DUMP" >
229-->[androidx.profileinstaller:profileinstaller:1.4.0] AndroidManifest.xml:39:13-57
230            <intent-filter>
230-->[androidx.profileinstaller:profileinstaller:1.4.0] AndroidManifest.xml:40:13-42:29
231                <action android:name="androidx.profileinstaller.action.INSTALL_PROFILE" />
231-->[androidx.profileinstaller:profileinstaller:1.4.0] AndroidManifest.xml:41:17-91
231-->[androidx.profileinstaller:profileinstaller:1.4.0] AndroidManifest.xml:41:25-88
232            </intent-filter>
233            <intent-filter>
233-->[androidx.profileinstaller:profileinstaller:1.4.0] AndroidManifest.xml:43:13-45:29
234                <action android:name="androidx.profileinstaller.action.SKIP_FILE" />
234-->[androidx.profileinstaller:profileinstaller:1.4.0] AndroidManifest.xml:44:17-85
234-->[androidx.profileinstaller:profileinstaller:1.4.0] AndroidManifest.xml:44:25-82
235            </intent-filter>
236            <intent-filter>
236-->[androidx.profileinstaller:profileinstaller:1.4.0] AndroidManifest.xml:46:13-48:29
237                <action android:name="androidx.profileinstaller.action.SAVE_PROFILE" />
237-->[androidx.profileinstaller:profileinstaller:1.4.0] AndroidManifest.xml:47:17-88
237-->[androidx.profileinstaller:profileinstaller:1.4.0] AndroidManifest.xml:47:25-85
238            </intent-filter>
239            <intent-filter>
239-->[androidx.profileinstaller:profileinstaller:1.4.0] AndroidManifest.xml:49:13-51:29
240                <action android:name="androidx.profileinstaller.action.BENCHMARK_OPERATION" />
240-->[androidx.profileinstaller:profileinstaller:1.4.0] AndroidManifest.xml:50:17-95
240-->[androidx.profileinstaller:profileinstaller:1.4.0] AndroidManifest.xml:50:25-92
241            </intent-filter>
242        </receiver>
243    </application>
244
245</manifest>